0 info it worked if it ends with ok
1 verbose cli [ '/home/04263767900/.nvm/versions/node/v6.6.0/bin/node',
1 verbose cli   '/home/04263767900/.nvm/versions/node/v6.6.0/bin/npm',
1 verbose cli   'start' ]
2 info using npm@3.10.3
3 info using node@v6.6.0
4 verbose run-script [ 'prestart', 'start', 'poststart' ]
5 info lifecycle angular2-webpack@1.0.0~prestart: angular2-webpack@1.0.0
6 silly lifecycle angular2-webpack@1.0.0~prestart: no script for prestart, continuing
7 info lifecycle angular2-webpack@1.0.0~start: angular2-webpack@1.0.0
8 verbose lifecycle angular2-webpack@1.0.0~start: unsafe-perm in lifecycle true
9 verbose lifecycle angular2-webpack@1.0.0~start: PATH: /home/04263767900/.nvm/versions/node/v6.6.0/lib/node_modules/npm/bin/node-gyp-bin:/home/04263767900/projetos/angular.io.webpack/node_modules/.bin:/home/04263767900/.nvm/versions/node/v6.6.0/bin:/home/04263767900/.nvm/versions/node/v6.6.0/bin:/usr/lib/lightdm/lightdm:/usr/local/sbin:/usr/local/bin:/usr/sbin:/usr/bin:/sbin:/bin:/usr/games:/home/04263767900/demo/jdk1.7.0_79/bin:/home/04263767900/demo/jdk1.7.0_79/jre/bin:/home/04263767900/demo/eclipse
10 verbose lifecycle angular2-webpack@1.0.0~start: CWD: /home/04263767900/projetos/angular.io.webpack
11 silly lifecycle angular2-webpack@1.0.0~start: Args: [ '-c', 'webpack-dev-server --inline --progress --port 7070' ]
12 silly lifecycle angular2-webpack@1.0.0~start: Returned: code: 1  signal: null
13 info lifecycle angular2-webpack@1.0.0~start: Failed to exec start script
14 verbose stack Error: angular2-webpack@1.0.0 start: `webpack-dev-server --inline --progress --port 7070`
14 verbose stack Exit status 1
14 verbose stack     at EventEmitter.<anonymous> (/home/04263767900/.nvm/versions/node/v6.6.0/lib/node_modules/npm/lib/utils/lifecycle.js:242:16)
14 verbose stack     at emitTwo (events.js:106:13)
14 verbose stack     at EventEmitter.emit (events.js:191:7)
14 verbose stack     at ChildProcess.<anonymous> (/home/04263767900/.nvm/versions/node/v6.6.0/lib/node_modules/npm/lib/utils/spawn.js:40:14)
14 verbose stack     at emitTwo (events.js:106:13)
14 verbose stack     at ChildProcess.emit (events.js:191:7)
14 verbose stack     at maybeClose (internal/child_process.js:877:16)
14 verbose stack     at Process.ChildProcess._handle.onexit (internal/child_process.js:226:5)
15 verbose pkgid angular2-webpack@1.0.0
16 verbose cwd /home/04263767900/projetos/angular.io.webpack
17 error Linux 3.2.0-58-generic-pae
18 error argv "/home/04263767900/.nvm/versions/node/v6.6.0/bin/node" "/home/04263767900/.nvm/versions/node/v6.6.0/bin/npm" "start"
19 error node v6.6.0
20 error npm  v3.10.3
21 error code ELIFECYCLE
22 error angular2-webpack@1.0.0 start: `webpack-dev-server --inline --progress --port 7070`
22 error Exit status 1
23 error Failed at the angular2-webpack@1.0.0 start script 'webpack-dev-server --inline --progress --port 7070'.
23 error Make sure you have the latest version of node.js and npm installed.
23 error If you do, this is most likely a problem with the angular2-webpack package,
23 error not with npm itself.
23 error Tell the author that this fails on your system:
23 error     webpack-dev-server --inline --progress --port 7070
23 error You can get information on how to open an issue for this project with:
23 error     npm bugs angular2-webpack
23 error Or if that isn't available, you can get their info via:
23 error     npm owner ls angular2-webpack
23 error There is likely additional logging output above.
24 verbose exit [ 1, true ]
